<?xml version="1.0" encoding="UTF-8"?>
<testng-results skipped="0" failed="0" total="2" passed="2">
  <reporter-output>
  </reporter-output>
  <suite name="tech" duration-ms="23870" started-at="2019-03-07T14:52:41Z" finished-at="2019-03-07T14:53:05Z">
    <groups>
    </groups>
    <test name="tech1" duration-ms="23133" started-at="2019-03-07T14:52:41Z" finished-at="2019-03-07T14:53:05Z">
      <class name="TechTest">
        <test-method status="PASS" signature="test()[pri:0, instance:TechTest@4905c46b]" name="test" duration-ms="22956" started-at="2019-03-07T22:52:41Z" finished-at="2019-03-07T22:53:04Z">
          <reporter-output>
          </reporter-output>
        </test-method> <!-- test -->
      </class> <!-- TechTest -->
    </test> <!-- tech1 -->
    <test name="tech2" duration-ms="508" started-at="2019-03-07T14:53:05Z" finished-at="2019-03-07T14:53:05Z">
      <class name="TechTest">
        <test-method status="PASS" signature="test()[pri:0, instance:TechTest@18324f97]" name="test" duration-ms="503" started-at="2019-03-07T22:53:05Z" finished-at="2019-03-07T22:53:05Z">
          <reporter-output>
          </reporter-output>
        </test-method> <!-- test -->
      </class> <!-- TechTest -->
    </test> <!-- tech2 -->
  </suite> <!-- tech -->
</testng-results>
