<?xml version="1.0" encoding="UTF-8"?>
<testng-results skipped="0" failed="0" total="2" passed="2">
  <reporter-output>
  </reporter-output>
  <suite name="tech" duration-ms="48427" started-at="2019-03-07T13:25:36Z" finished-at="2019-03-07T13:26:25Z">
    <groups>
    </groups>
    <test name="tech2" duration-ms="48304" started-at="2019-03-07T13:25:36Z" finished-at="2019-03-07T13:26:25Z">
      <class name="TechTest">
        <test-method status="PASS" signature="test()[pri:0, instance:TechTest@18324f97]" name="test" duration-ms="48211" started-at="2019-03-07T21:25:36Z" finished-at="2019-03-07T21:26:24Z">
          <reporter-output>
          </reporter-output>
        </test-method> <!-- test -->
      </class> <!-- TechTest -->
    </test> <!-- tech2 -->
    <test name="tech1" duration-ms="48427" started-at="2019-03-07T13:25:36Z" finished-at="2019-03-07T13:26:25Z">
      <class name="TechTest">
        <test-method status="PASS" signature="test()[pri:0, instance:TechTest@4905c46b]" name="test" duration-ms="48229" started-at="2019-03-07T21:25:36Z" finished-at="2019-03-07T21:26:24Z">
          <reporter-output>
          </reporter-output>
        </test-method> <!-- test -->
      </class> <!-- TechTest -->
    </test> <!-- tech1 -->
  </suite> <!-- tech -->
</testng-results>
